This file contains any messages produced by compilers while
running configure, to aid debugging if configure makes a mistake.

It was created by configure, which was
generated by GNU Autoconf 2.57.  Invocation command line was

  $ ../../../gdb-6.2.1/gdb/gdbserver/configure --build=x86_64-unknown-linux-gnu --host=x86_64-unknown-linux-gnu --target=x86_64-unknown-linux-gnu --program-transform-name=s,y,y, --cache-file=.././config.cache --srcdir=../../../gdb-6.2.1/gdb/gdbserver CC=gcc CFLAGS=-g -O2 LDFLAGS= build_alias=x86_64-unknown-linux-gnu host_alias=x86_64-unknown-linux-gnu target_alias=x86_64-unknown-linux-gnu --no-create --no-recursion

## --------- ##
## Platform. ##
## --------- ##

hostname = MiCART
uname -m = x86_64
uname -r = 2.6.32.27
uname -s = Linux
uname -v = #1 SMP Thu Feb 23 13:56:53 CST 2012

/usr/bin/uname -p = unknown
/bin/uname -X     = unknown

/bin/arch              = x86_64
/usr/bin/arch -k       = unknown
/usr/convex/getsysinfo = unknown
hostinfo               = unknown
/bin/machine           = unknown
/usr/bin/oslevel       = unknown
/bin/universe          = unknown

PATH: /usr/lib64/qt-3.3/bin
PATH: /usr/lib64/ccache
PATH: /usr/local/bin
PATH: /usr/bin
PATH: /bin
PATH: /usr/local/sbin
PATH: /usr/sbin
PATH: /sbin
PATH: /home/sjohnston/bin


## ----------- ##
## Core tests. ##
## ----------- ##

configure:1171: loading cache .././config.cache
configure:1270: checking for x86_64-unknown-linux-gnu-gcc
configure:1296: result: gcc
configure:1578: checking for C compiler version
configure:1581: gcc --version </dev/null >&5
gcc (GCC) 4.5.1 20100924 (Red Hat 4.5.1-4)
Copyright (C) 2010 Free Software Foundation, Inc.
This is free software; see the source for copying conditions.  There is NO
warranty; not even for MERCHANTABILITY or FITNESS FOR A PARTICULAR PURPOSE.

configure:1584: $? = 0
configure:1586: gcc -v </dev/null >&5
Using built-in specs.
COLLECT_GCC=/usr/bin/gcc
COLLECT_LTO_WRAPPER=/usr/libexec/gcc/x86_64-redhat-linux/4.5.1/lto-wrapper
Target: x86_64-redhat-linux
Configured with: ../configure --prefix=/usr --mandir=/usr/share/man --infodir=/usr/share/info --with-bugurl=http://bugzilla.redhat.com/bugzilla --enable-bootstrap --enable-shared --enable-threads=posix --enable-checking=release --with-system-zlib --enable-__cxa_atexit --disable-libunwind-exceptions --enable-gnu-unique-object --enable-linker-build-id --enable-languages=c,c++,objc,obj-c++,java,fortran,ada,lto --enable-plugin --enable-java-awt=gtk --disable-dssi --with-java-home=/usr/lib/jvm/java-1.5.0-gcj-1.5.0.0/jre --enable-libgcj-multifile --enable-java-maintainer-mode --with-ecj-jar=/usr/share/java/eclipse-ecj.jar --disable-libjava-multilib --with-ppl --with-cloog --with-tune=generic --with-arch_32=i686 --build=x86_64-redhat-linux
Thread model: posix
gcc version 4.5.1 20100924 (Red Hat 4.5.1-4) (GCC) 
configure:1589: $? = 0
configure:1591: gcc -V </dev/null >&5
gcc: '-V' option must have argument
configure:1594: $? = 1
configure:1618: checking for C compiler default output
configure:1621: gcc -g -O2   conftest.c  >&5
configure:1624: $? = 0
configure:1670: result: a.out
configure:1675: checking whether the C compiler works
configure:1681: ./a.out
configure:1684: $? = 0
configure:1701: result: yes
configure:1708: checking whether we are cross compiling
configure:1710: result: no
configure:1713: checking for suffix of executables
configure:1715: gcc -o conftest -g -O2   conftest.c  >&5
configure:1718: $? = 0
configure:1743: result: 
configure:1749: checking for suffix of object files
configure:1796: result: o
configure:1800: checking whether we are using the GNU C compiler
configure:1847: result: yes
configure:1853: checking whether gcc accepts -g
configure:1895: result: yes
configure:1912: checking for gcc option to accept ANSI C
configure:2000: result: none needed
configure:2018: gcc -c -g -O2  conftest.c >&5
conftest.c:2:9: error: expected '=', ',', ';', 'asm' or '__attribute__' before 'me'
configure:2021: $? = 1
configure: failed program was:
| #ifndef __cplusplus
|   choke me
| #endif
configure:2162: checking build system type
configure:2180: result: x86_64-unknown-linux-gnu
configure:2188: checking host system type
configure:2202: result: x86_64-unknown-linux-gnu
configure:2210: checking target system type
configure:2224: result: x86_64-unknown-linux-gnu
configure:2251: checking for a BSD-compatible install
configure:2305: result: /usr/bin/install -c
configure:2323: checking how to run the C preprocessor
configure:2441: result: gcc -E
configure:2466: gcc -E  conftest.c
configure:2472: $? = 0
configure:2504: gcc -E  conftest.c
configure:2503:28: fatal error: ac_nonexistent.h: No such file or directory
compilation terminated.
configure:2510: $? = 1
configure: failed program was:
| #line 2495 "configure"
| /* confdefs.h.  */
| 
| #define PACKAGE_NAME ""
| #define PACKAGE_TARNAME ""
| #define PACKAGE_VERSION ""
| #define PACKAGE_STRING ""
| #define PACKAGE_BUGREPORT ""
| /* end confdefs.h.  */
| #include <ac_nonexistent.h>
configure:2553: checking for egrep
configure:2563: result: grep -E
configure:2568: checking for ANSI C header files
configure:2718: result: yes
configure:2743: checking for sys/types.h
configure:2780: result: yes
configure:2743: checking for sys/stat.h
configure:2780: result: yes
configure:2743: checking for stdlib.h
configure:2780: result: yes
configure:2743: checking for string.h
configure:2780: result: yes
configure:2743: checking for memory.h
configure:2780: result: yes
configure:2743: checking for strings.h
configure:2780: result: yes
configure:2743: checking for inttypes.h
configure:2780: result: yes
configure:2743: checking for stdint.h
configure:2780: result: yes
configure:2743: checking for unistd.h
configure:2780: result: yes
configure:2807: checking for sgtty.h
configure:2812: result: yes
configure:2807: checking for termio.h
configure:2812: result: yes
configure:2807: checking for termios.h
configure:2812: result: yes
configure:2807: checking for sys/reg.h
configure:2812: result: yes
configure:2807: checking for string.h
configure:2812: result: yes
configure:2807: checking for proc_service.h
configure:2812: result: no
configure:2807: checking for sys/procfs.h
configure:2812: result: yes
configure:2807: checking for thread_db.h
configure:2812: result: yes
configure:2807: checking for linux/elf.h
configure:2812: result: yes
configure:2807: checking for stdlib.h
configure:2812: result: yes
configure:2807: checking for unistd.h
configure:2812: result: yes
configure:2945: checking whether strerror must be declared
configure:3002: result: no
configure:3023: checking for PTRACE_GETREGS
configure:3066: result: yes
configure:3075: checking for PTRACE_GETFPXREGS
configure:3118: result: yes
configure:3129: checking for lwpid_t in sys/procfs.h
configure:3182: result: yes
configure:3185: checking for psaddr_t in sys/procfs.h
configure:3238: result: yes
configure:3241: checking for prgregset_t in sys/procfs.h
configure:3294: result: yes
configure:3297: checking for prfpregset_t in sys/procfs.h
configure:3350: result: yes
configure:3357: checking whether prfpregset_t type is broken
configure:3404: result: no
configure:3414: checking for elf_fpregset_t in sys/procfs.h
configure:3467: result: yes
configure:3581: creating ./config.status

## ---------------- ##
## Cache variables. ##
## ---------------- ##

ac_cv_build=x86_64-unknown-linux-gnu
ac_cv_build_alias=x86_64-unknown-linux-gnu
ac_cv_c_compiler_gnu=yes
ac_cv_c_const=yes
ac_cv_c_inline=inline
ac_cv_c_long_double=yes
ac_cv_cygwin=no
ac_cv_env_CC_set=set
ac_cv_env_CC_value=gcc
ac_cv_env_CFLAGS_set=set
ac_cv_env_CFLAGS_value='-g -O2'
ac_cv_env_CPPFLAGS_set=
ac_cv_env_CPPFLAGS_value=
ac_cv_env_CPP_set=
ac_cv_env_CPP_value=
ac_cv_env_LDFLAGS_set=set
ac_cv_env_LDFLAGS_value=
ac_cv_env_build_alias_set=set
ac_cv_env_build_alias_value=x86_64-unknown-linux-gnu
ac_cv_env_host_alias_set=set
ac_cv_env_host_alias_value=x86_64-unknown-linux-gnu
ac_cv_env_target_alias_set=set
ac_cv_env_target_alias_value=x86_64-unknown-linux-gnu
ac_cv_exeext=
ac_cv_func___argz_count=yes
ac_cv_func___argz_next=yes
ac_cv_func___argz_stringify=yes
ac_cv_func__mcleanup=yes
ac_cv_func_alloca_works=yes
ac_cv_func_canonicalize_file_name=yes
ac_cv_func_dcgettext=yes
ac_cv_func_getcwd=yes
ac_cv_func_getpagesize=yes
ac_cv_func_mmap_fixed_mapped=yes
ac_cv_func_monstartup=yes
ac_cv_func_munmap=yes
ac_cv_func_poll=yes
ac_cv_func_pread64=yes
ac_cv_func_putenv=yes
ac_cv_func_realpath=yes
ac_cv_func_sbrk=yes
ac_cv_func_setenv=yes
ac_cv_func_setlocale=yes
ac_cv_func_setpgid=yes
ac_cv_func_setpgrp=yes
ac_cv_func_setpgrp_void=yes
ac_cv_func_sigaction=yes
ac_cv_func_sigprocmask=yes
ac_cv_func_sigsetmask=yes
ac_cv_func_socketpair=yes
ac_cv_func_stpcpy=yes
ac_cv_func_strcasecmp=yes
ac_cv_func_strchr=yes
ac_cv_func_syscall=yes
ac_cv_func_vfork_works=yes
ac_cv_func_wctype=yes
ac_cv_have_x=have_x=no
ac_cv_header_alloca_h=yes
ac_cv_header_argz_h=yes
ac_cv_header_ctype_h=yes
ac_cv_header_curses_h=yes
ac_cv_header_dirent_dirent_h=yes
ac_cv_header_gnu_libc_version_h=yes
ac_cv_header_inttypes_h=yes
ac_cv_header_libintl_h=yes
ac_cv_header_libunwind_h=no
ac_cv_header_libunwind_ia64_h=no
ac_cv_header_limits_h=yes
ac_cv_header_link_h=yes
ac_cv_header_linux_elf_h=yes
ac_cv_header_locale_h=yes
ac_cv_header_machine_reg_h=no
ac_cv_header_malloc_h=yes
ac_cv_header_memory_h=yes
ac_cv_header_ncurses_h=yes
ac_cv_header_nl_types_h=yes
ac_cv_header_nlist_h=no
ac_cv_header_poll_h=yes
ac_cv_header_proc_service_h=no
ac_cv_header_pthread_h=yes
ac_cv_header_ptrace_h=no
ac_cv_header_sgtty_h=yes
ac_cv_header_stat_broken=no
ac_cv_header_stdc=yes
ac_cv_header_stddef_h=yes
ac_cv_header_stdint_h=yes
ac_cv_header_stdlib_h=yes
ac_cv_header_string_h=yes
ac_cv_header_strings_h=yes
ac_cv_header_sys_debugreg_h=yes
ac_cv_header_sys_fault_h=no
ac_cv_header_sys_file_h=yes
ac_cv_header_sys_filio_h=no
ac_cv_header_sys_ioctl_h=yes
ac_cv_header_sys_param_h=yes
ac_cv_header_sys_poll_h=yes
ac_cv_header_sys_proc_h=no
ac_cv_header_sys_procfs_h=yes
ac_cv_header_sys_ptrace_h=yes
ac_cv_header_sys_reg_h=yes
ac_cv_header_sys_select_h=yes
ac_cv_header_sys_stat_h=yes
ac_cv_header_sys_syscall_h=yes
ac_cv_header_sys_types_h=yes
ac_cv_header_sys_user_h=yes
ac_cv_header_sys_wait_h=yes
ac_cv_header_term_h=yes
ac_cv_header_termio_h=yes
ac_cv_header_termios_h=yes
ac_cv_header_thread_db_h=yes
ac_cv_header_time_h=yes
ac_cv_header_unistd_h=yes
ac_cv_header_values_h=yes
ac_cv_header_vfork_h=no
ac_cv_header_wait_h=yes
ac_cv_host=x86_64-unknown-linux-gnu
ac_cv_host_alias=x86_64-unknown-linux-gnu
ac_cv_lib_dir_opendir=no
ac_cv_lib_m_main=yes
ac_cv_mingw32=no
ac_cv_objext=o
ac_cv_path_GMSGFMT=/usr/bin/msgfmt
ac_cv_path_MSGFMT=/usr/bin/msgfmt
ac_cv_path_XGETTEXT=/usr/bin/xgettext
ac_cv_path_install='/usr/bin/install -c'
ac_cv_prog_AR=ar
ac_cv_prog_AWK=gawk
ac_cv_prog_CC=gcc
ac_cv_prog_CPP='gcc -E'
ac_cv_prog_DLLTOOL=dlltool
ac_cv_prog_LN_S='ln -s'
ac_cv_prog_MIG=mig
ac_cv_prog_RANLIB=ranlib
ac_cv_prog_WINDRES=windres
ac_cv_prog_YACC='bison -y'
ac_cv_prog_cc_cross=no
ac_cv_prog_cc_g=yes
ac_cv_prog_cc_stdc=
ac_cv_prog_cc_works=yes
ac_cv_prog_egrep='grep -E'
ac_cv_prog_gcc=yes
ac_cv_prog_make_make_set=yes
ac_cv_search_gethostbyname='none required'
ac_cv_search_initscr=-lncurses
ac_cv_search_socketpair='none required'
ac_cv_search_tgetent=-ltermcap
ac_cv_search_wborder='none required'
ac_cv_target=x86_64-unknown-linux-gnu
ac_cv_target_alias=x86_64-unknown-linux-gnu
ac_cv_type_off_t=yes
ac_cv_type_pid_t=yes
ac_cv_type_signal=void
ac_cv_type_size_t=yes
ac_cv_var__etext=yes
am_cv_func_iconv=yes
am_cv_lib_iconv=no
am_cv_prog_cc_stdc=
am_cv_proto_iconv='extern size_t iconv (iconv_t cd, char * *inbuf, size_t *inbytesleft, char * *outbuf, size_t *outbytesleft);'
am_cv_proto_iconv_arg1=
am_cv_val_LC_MESSAGES=yes
bfd_cv_decl_needed_canonicalize_file_name=no
bfd_cv_decl_needed_free=no
bfd_cv_decl_needed_malloc=no
bfd_cv_decl_needed_realloc=no
bfd_cv_decl_needed_strdup=no
bfd_cv_decl_needed_strerror=no
bfd_cv_decl_needed_strstr=no
bfd_cv_have_sys_procfs_type_elf_fpregset_t=yes
bfd_cv_have_sys_procfs_type_fpregset_t=no
bfd_cv_have_sys_procfs_type_gregset_t=no
bfd_cv_have_sys_procfs_type_lwpid_t=yes
bfd_cv_have_sys_procfs_type_pr_sigaction64_t=no
bfd_cv_have_sys_procfs_type_pr_siginfo64_t=no
bfd_cv_have_sys_procfs_type_pr_sigset_t=no
bfd_cv_have_sys_procfs_type_prfpregset32_t=no
bfd_cv_have_sys_procfs_type_prfpregset_t=yes
bfd_cv_have_sys_procfs_type_prgregset32_t=no
bfd_cv_have_sys_procfs_type_prgregset_t=yes
bfd_cv_have_sys_procfs_type_prrun_t=no
bfd_cv_have_sys_procfs_type_prsysent_t=no
bfd_cv_have_sys_procfs_type_psaddr_t=yes
bfd_cv_have_sys_procfs_type_pstatus_t=no
gcc_cv_have_decl_getopt=no
gdb_cv_c_long_long=yes
gdb_cv_func_sigsetjmp=yes
gdb_cv_have_gnu_regex=yes
gdb_cv_have_procfs_piocset=no
gdb_cv_have_pt_getdbregs=no
gdb_cv_have_pt_getxmmregs=no
gdb_cv_have_ptrace_getfpxregs=yes
gdb_cv_have_ptrace_getregs=yes
gdb_cv_have_struct_link_map32=no
gdb_cv_have_struct_link_map_with_l_members=yes
gdb_cv_have_struct_link_map_with_lm_members=no
gdb_cv_have_struct_so_map_with_som_members=no
gdb_cv_have_struct_stat_with_st_blocks_member=yes
gdb_cv_have_uintptr_t=yes
gdb_cv_hpux_savestate=no
gdb_cv_hpux_sswide=no
gdb_cv_os_cygwin=no
gdb_cv_prfpregset_t_broken=no
gdb_cv_printf_has_long_double=yes
gdb_cv_printf_has_long_long=yes
gdb_cv_scanf_has_long_double=yes
gdb_cv_struct_reg=no
gdb_cv_struct_reg_r_fs=no
gdb_cv_struct_reg_r_gs=no
gdb_cv_struct_thread_td_pcb=no
gdb_cv_sys_syscall_h_has_tkill=yes
gdb_cv_thread_db_h_has_td_notalloc=yes
gdbsrv_cv_have_ptrace_getfpxregs=yes
gdbsrv_cv_have_ptrace_getregs=yes
gt_cv_func_gettext_libc=yes
nls_cv_force_use_gnu_gettext=no
nls_cv_header_intl=
nls_cv_header_libgt=
nls_cv_use_gnu_gettext=no

## ----------------- ##
## Output variables. ##
## ----------------- ##

CC='gcc'
CFLAGS='-g -O2'
CPP='gcc -E'
CPPFLAGS=''
DEFS='-DHAVE_CONFIG_H'
ECHO_C=''
ECHO_N='-n'
ECHO_T=''
EGREP='grep -E'
EXEEXT=''
GDBSERVER_DEPFILES='reg-x86-64.o linux-xen-low.o linux-x86-64-low.o i387-fp.o '
GDBSERVER_LIBS=' -L../../../../../libxc/ -lxenctrl'
INSTALL_DATA='/usr/bin/install -c -m 644'
INSTALL_PROGRAM='/usr/bin/install -c'
INSTALL_SCRIPT='/usr/bin/install -c'
LDFLAGS=''
LIBOBJS=''
LIBS=''
LTLIBOBJS=''
OBJEXT='o'
PACKAGE_BUGREPORT=''
PACKAGE_NAME=''
PACKAGE_STRING=''
PACKAGE_TARNAME=''
PACKAGE_VERSION=''
PATH_SEPARATOR=':'
SHELL='/bin/sh'
USE_THREAD_DB=''
ac_ct_CC=''
bindir='${exec_prefix}/bin'
build='x86_64-unknown-linux-gnu'
build_alias='x86_64-unknown-linux-gnu'
build_cpu='x86_64'
build_os='linux-gnu'
build_vendor='unknown'
datadir='${prefix}/share'
exec_prefix='${prefix}'
host='x86_64-unknown-linux-gnu'
host_alias='x86_64-unknown-linux-gnu'
host_cpu='x86_64'
host_os='linux-gnu'
host_vendor='unknown'
includedir='${prefix}/include'
infodir='${prefix}/info'
libdir='${exec_prefix}/lib'
libexecdir='${exec_prefix}/libexec'
localstatedir='${prefix}/var'
mandir='${prefix}/man'
oldincludedir='/usr/include'
prefix='/usr/local'
program_transform_name='s,y,y,'
sbindir='${exec_prefix}/sbin'
sharedstatedir='${prefix}/com'
sysconfdir='${prefix}/etc'
target='x86_64-unknown-linux-gnu'
target_alias='x86_64-unknown-linux-gnu'
target_cpu='x86_64'
target_os='linux-gnu'
target_vendor='unknown'

## ----------- ##
## confdefs.h. ##
## ----------- ##

#define HAVE_ELF_FPREGSET_T 1
#define HAVE_INTTYPES_H 1
#define HAVE_LINUX_ELF_H 1
#define HAVE_LINUX_REGSETS 1
#define HAVE_LWPID_T 1
#define HAVE_MEMORY_H 1
#define HAVE_PRFPREGSET_T 1
#define HAVE_PRGREGSET_T 1
#define HAVE_PSADDR_T 1
#define HAVE_PTRACE_GETFPXREGS 1
#define HAVE_SGTTY_H 1
#define HAVE_STDINT_H 1
#define HAVE_STDLIB_H 1
#define HAVE_STDLIB_H 1
#define HAVE_STRINGS_H 1
#define HAVE_STRING_H 1
#define HAVE_STRING_H 1
#define HAVE_SYS_PROCFS_H 1
#define HAVE_SYS_REG_H 1
#define HAVE_SYS_STAT_H 1
#define HAVE_SYS_TYPES_H 1
#define HAVE_TERMIOS_H 1
#define HAVE_TERMIO_H 1
#define HAVE_THREAD_DB_H 1
#define HAVE_UNISTD_H 1
#define HAVE_UNISTD_H 1
#define PACKAGE_BUGREPORT ""
#define PACKAGE_NAME ""
#define PACKAGE_STRING ""
#define PACKAGE_TARNAME ""
#define PACKAGE_VERSION ""
#define STDC_HEADERS 1

configure: exit 0

## ---------------------- ##
## Running config.status. ##
## ---------------------- ##

This file was extended by config.status, which was
generated by GNU Autoconf 2.57.  Invocation command line was

  CONFIG_FILES    = 
  CONFIG_HEADERS  = 
  CONFIG_LINKS    = 
  CONFIG_COMMANDS = 
  $ ./config.status 

on MiCART

config.status:636: creating Makefile
config.status:968: executing default commands

## ---------------------- ##
## Running config.status. ##
## ---------------------- ##

This file was extended by config.status, which was
generated by GNU Autoconf 2.57.  Invocation command line was

  CONFIG_FILES    = 
  CONFIG_HEADERS  = 
  CONFIG_LINKS    = 
  CONFIG_COMMANDS = 
  $ ./config.status --recheck

on MiCART

