This is pdfTeXk, Version 3.141592-1.40.3 (Web2C 7.5.6) (format=latex 2012.2.23)  23 FEB 2012 14:37
entering extended mode
 %&-line parsing enabled.
**./images.tex
(./images.tex
LaTeX2e <2005/12/01>
Babel <v3.8h> and hyphenation patterns for english, usenglishmax, dumylang, noh
yphenation, arabic, basque, bulgarian, coptic, welsh, czech, slovak, german, ng
erman, danish, esperanto, spanish, catalan, galician, estonian, farsi, finnish,
 french, greek, monogreek, ancientgreek, croatian, hungarian, interlingua, ibyc
us, indonesian, icelandic, italian, latin, mongolian, dutch, norsk, polish, por
tuguese, pinyin, romanian, russian, slovenian, uppersorbian, serbian, swedish, 
turkish, ukenglish, ukrainian, loaded.

(/usr/share/texmf/tex/latex/base/report.cls
Document Class: report 2005/09/16 v1.4f Standard LaTeX document class
(/usr/share/texmf/tex/latex/base/size11.clo
File: size11.clo 2005/09/16 v1.4f Standard LaTeX file (size option)
)
\c@part=\count79
\c@chapter=\count80
\c@section=\count81
\c@subsection=\count82
\c@subsubsection=\count83
\c@paragraph=\count84
\c@subparagraph=\count85
\c@figure=\count86
\c@table=\count87
\abovecaptionskip=\skip41
\belowcaptionskip=\skip42
\bibindent=\dimen102
) (/usr/share/texmf/tex/latex/base/ifthen.sty
Package: ifthen 2001/05/26 v1.1c Standard LaTeX ifthen package (DPC)
) (/usr/share/texmf/tex/latex/ntgclass/a4.sty
Package: a4 2004/04/15 v1.2g A4 based page layout
) (/usr/share/texmf/tex/latex/graphics/graphicx.sty
Package: graphicx 1999/02/16 v1.0f Enhanced LaTeX Graphics (DPC,SPQR)
(/usr/share/texmf/tex/latex/graphics/keyval.sty
Package: keyval 1999/03/16 v1.13 key=value parser (DPC)
\KV@toks@=\toks14
) (/usr/share/texmf/tex/latex/graphics/graphics.sty
Package: graphics 2006/02/20 v1.0o Standard LaTeX Graphics (DPC,SPQR)
(/usr/share/texmf/tex/latex/graphics/trig.sty
Package: trig 1999/03/16 v1.09 sin cos tan (DPC)
) (/usr/share/texmf/tex/latex/config/graphics.cfg
File: graphics.cfg 2007/01/18 v1.5 graphics configuration of teTeX/TeXLive
)
Package graphics Info: Driver file: dvips.def on input line 90.
(/usr/share/texmf/tex/latex/graphics/dvips.def
File: dvips.def 1999/02/16 v3.0i Driver-dependant file (DPC,SPQR)
))
\Gin@req@height=\dimen103
\Gin@req@width=\dimen104
) (/root/rpmbuild/BUILD/xen-4.0.1/docs/html.sty
Package: html 1996/12/22 v1.1 hypertext commands for latex2html (nd, hws, rrm)
\c@lpart=\count88
\c@lchapter=\count89
\c@lsection=\count90
\c@lsubsection=\count91
\c@lsubsubsection=\count92
\c@lparagraph=\count93
\c@lsubparagraph=\count94
\c@lequation=\count95
\c@lsubsubparagraph=\count96
\ptrfile=\write3
) (/usr/share/texmf/tex/latex/ltxmisc/parskip.sty
Package: parskip 2001/04/09 non-zero parskip adjustments
) (/usr/share/texmf/tex/latex/setspace/setspace.sty
Package: setspace 2000/12/01 6.7 Contributed and Supported LaTeX2e package
Package: `setspace' 6.7 <2000/12/01>
) (/usr/share/texmf/tex/latex/psnfss/times.sty
Package: times 2005/04/12 PSNFSS-v9.2a (SPQR) 
) (/usr/share/texmf/tex/latex/tools/xspace.sty
Package: xspace 2006/05/08 v1.12 Space after command names (DPC,MH)
) (/usr/share/texmf/tex/latex/html/url.sty
Package: url 1999/03/02  ver 1.4  Verb mode for urls, email addresses, and file
 names
) (/usr/share/texmf/tex/latex/graphics/color.sty
Package: color 2005/11/14 v1.0j Standard LaTeX Color (DPC)
(/usr/share/texmf/tex/latex/config/color.cfg
File: color.cfg 2007/01/18 v1.5 color configuration of teTeX/TeXLive
)
Package color Info: Driver file: dvips.def on input line 130.
(/usr/share/texmf/tex/latex/graphics/dvipsnam.def
File: dvipsnam.def 1999/02/16 v3.0i Driver-dependant file (DPC,SPQR)
)) (/usr/share/texmf/tex/latex/base/inputenc.sty
Package: inputenc 2006/05/05 v1.1b Input encoding file
\inpenc@prehook=\toks15
\inpenc@posthook=\toks16
(/usr/share/texmf/tex/latex/base/latin1.def
File: latin1.def 2006/05/05 v1.1b Input encoding file
))
\sizebox=\box26
\lthtmlwrite=\write4
No file images.aux.
\openout1 = `images.aux'.

LaTeX Font Info:    Checking defaults for OML/cmm/m/it on input line 125.
LaTeX Font Info:    ... okay on input line 125.
LaTeX Font Info:    Checking defaults for T1/cmr/m/n on input line 125.
LaTeX Font Info:    ... okay on input line 125.
LaTeX Font Info:    Checking defaults for OT1/cmr/m/n on input line 125.
LaTeX Font Info:    ... okay on input line 125.
LaTeX Font Info:    Checking defaults for OMS/cmsy/m/n on input line 125.
LaTeX Font Info:    ... okay on input line 125.
LaTeX Font Info:    Checking defaults for OMX/cmex/m/n on input line 125.
LaTeX Font Info:    ... okay on input line 125.
LaTeX Font Info:    Checking defaults for U/cmr/m/n on input line 125.
LaTeX Font Info:    ... okay on input line 125.
LaTeX Font Info:    Try loading font information for OT1+ptm on input line 125.

(/usr/share/texmf/tex/latex/psnfss/ot1ptm.fd
File: ot1ptm.fd 2001/06/04 font definitions for OT1/ptm.
)

latex2htmlLength hsize=349.0pt

latex2htmlLength vsize=703.60028pt

latex2htmlLength hoffset=0.0pt

latex2htmlLength voffset=0.0pt

latex2htmlLength topmargin=0.0pt

latex2htmlLength topskip=0.00003pt

latex2htmlLength headheight=0.0pt

latex2htmlLength headsep=0.0pt

latex2htmlLength parskip=6.8pt plus 2.0pt

latex2htmlLength oddsidemargin=32.52127pt

latex2htmlLength evensidemargin=46.97505pt

File: figs/xenlogo.eps Graphic file (type eps)
<figs/xenlogo.eps>
l2hSize :tex2html_wrap4947:137.51375pt::0.0pt::349.0pt.
[1



]
LaTeX Font Info:    External font `cmex10' loaded for size
(Font)              <10.95> on input line 173.
LaTeX Font Info:    External font `cmex10' loaded for size
(Font)              <8> on input line 173.
LaTeX Font Info:    External font `cmex10' loaded for size
(Font)              <6> on input line 173.
l2hSize :tex2html_wrap_inline1529:8.10416pt::8.10416pt::5.4142pt.
[2


]
LaTeX Font Info:    Font shape `OT1/ptm/bx/n' in size <10.95> not available
(Font)              Font shape `OT1/ptm/b/n' tried instead on input line 231.
l2hSize :tex2html_wrap2565:10.94449pt::5.62822pt::349.0pt.
[3


]
File: figs/acm_overview.eps Graphic file (type eps)
<figs/acm_overview.eps>
Overfull \hbox (20.88582pt too wide) detected at line 256
 [] 
 []

l2hSize :tex2html_wrap5138:211.03188pt::0.0pt::349.0pt.
[4


]
File: figs/acm_ezpolicy_gui.eps Graphic file (type eps)
<figs/acm_ezpolicy_gui.eps>
Overfull \hbox (20.88582pt too wide) detected at line 266
 [] 
 []

l2hSize :tex2html_wrap5146:197.46696pt::0.0pt::349.0pt.
[5


]
LaTeX Font Info:    Try loading font information for OT1+pcr on input line 283.

(/usr/share/texmf/tex/latex/psnfss/ot1pcr.fd
File: ot1pcr.fd 2001/06/04 font definitions for OT1/pcr.
)
l2hSize :figure784:399.63994pt::0.0pt::349.0pt.
[6


]
l2hSize :figure858:134.25595pt::0.0pt::349.0pt.
[7


]
l2hSize :figure867:304.63994pt::0.0pt::349.0pt.
[8


]
LaTeX Font Info:    Try loading font information for OMS+ptm on input line 436.

(/usr/share/texmf/tex/latex/psnfss/omsptm.fd
File: omsptm.fd 
)
LaTeX Font Info:    Font shape `OMS/ptm/m/n' in size <10.95> not available
(Font)              Font shape `OMS/cmsy/m/n' tried instead on input line 436.
l2hSize :tex2html_nomath_inline3339:6.17404pt::6.17404pt::11.49756pt.
[9


] (./images.aux) ) 
Here is how much of TeX's memory you used:
 1305 strings out of 256217
 17105 string characters out of 1917095
 68125 words of memory out of 1500000
 4594 multiletter control sequences out of 10000+200000
 8128 words of font info for 27 fonts, out of 1200000 for 2000
 645 hyphenation exceptions out of 8191
 25i,6n,21p,202b,346s stack positions out of 5000i,500n,6000p,200000b,15000s

Output written on images.dvi (9 pages, 5248 bytes).
